\BOOKMARK [0][-]{toc.0}{\376\377\166\356\137\125}{}% 1
\BOOKMARK [0][-]{chapter*.2}{\376\377\144\130\211\201}{}% 2
\BOOKMARK [0][-]{chapter*.3}{\376\377\000A\000b\000s\000t\000r\000a\000c\000t}{}% 3
\BOOKMARK [0][-]{chapter.1}{\376\377\173\054\0001\172\340\000\040\176\352\213\272}{}% 4
\BOOKMARK [1][-]{section.1.1}{\376\377\0001\000.\0001\000\040\170\024\172\166\200\314\146\157\116\016\141\017\116\111}{chapter.1}% 5
\BOOKMARK [2][-]{subsection.1.1.1}{\376\377\0001\000.\0001\000.\0001\000\040\000D\000S\000P\147\266\147\204\116\313\176\315}{section.1.1}% 6
\BOOKMARK [2][-]{subsection.1.1.2}{\376\377\0001\000.\0001\000.\0002\000\040\177\026\213\321\126\150\123\321\134\125\200\314\146\157}{section.1.1}% 7
\BOOKMARK [2][-]{subsection.1.1.3}{\376\377\0001\000.\0001\000.\0003\000\040\143\007\116\344\220\011\142\351\123\321\134\125\200\314\146\157}{section.1.1}% 8
\BOOKMARK [2][-]{subsection.1.1.4}{\376\377\0001\000.\0001\000.\0004\000\040\170\024\172\166\141\017\116\111}{section.1.1}% 9
\BOOKMARK [1][-]{section.1.2}{\376\377\0001\000.\0002\000\040\126\375\121\205\131\026\170\024\172\166\163\260\162\266}{chapter.1}% 10
\BOOKMARK [2][-]{subsection.1.2.1}{\376\377\0001\000.\0002\000.\0001\000\040\177\026\213\321\126\150\170\024\172\166\163\260\162\266}{section.1.2}% 11
\BOOKMARK [2][-]{subsection.1.2.2}{\376\377\0001\000.\0002\000.\0002\000\040\143\007\116\344\220\011\142\351\170\024\172\166\163\260\162\266}{section.1.2}% 12
\BOOKMARK [2][-]{subsection.1.2.3}{\376\377\0001\000.\0002\000.\0003\000\040\121\150\134\100\143\007\116\344\220\011\142\351\170\024\172\166\163\260\162\266}{section.1.2}% 13
\BOOKMARK [1][-]{section.1.3}{\376\377\0001\000.\0003\000\040\213\272\145\207\170\024\172\166\121\205\133\271\124\214\122\033\145\260\160\271}{chapter.1}% 14
\BOOKMARK [1][-]{section.1.4}{\376\377\0001\000.\0004\000\040\213\272\145\207\176\304\176\307\176\323\147\204}{chapter.1}% 15
\BOOKMARK [0][-]{chapter.2}{\376\377\173\054\0002\172\340\000\040\121\150\134\100\143\007\116\344\220\011\142\351\133\236\163\260}{}% 16
\BOOKMARK [1][-]{section.2.1}{\376\377\0002\000.\0001\000\040\121\150\134\100\143\007\116\344\220\011\142\351\150\106\147\266\151\202\217\360}{chapter.2}% 17
\BOOKMARK [2][-]{subsection.2.1.1}{\376\377\0002\000.\0001\000.\0001\000\040\117\040\176\337\143\007\116\344\220\011\142\351\145\271\150\110\123\312\121\166\134\100\226\120\140\047}{section.2.1}% 18
\BOOKMARK [2][-]{subsection.2.1.2}{\376\377\0002\000.\0001\000.\0002\000\040\121\150\134\100\143\007\116\344\220\011\142\351\151\202\137\365\123\312\140\073\117\123\213\276\213\241}{section.2.1}% 19
\BOOKMARK [1][-]{section.2.2}{\376\377\0002\000.\0002\000\040\000G\000M\000I\000R\165\037\142\020}{chapter.2}% 20
\BOOKMARK [2][-]{subsection.2.2.1}{\376\377\0002\000.\0002\000.\0001\000\040\220\032\165\050\147\072\126\150\210\150\171\072}{section.2.2}% 21
\BOOKMARK [2][-]{subsection.2.2.2}{\376\377\0002\000.\0002\000.\0002\000\040\000I\000R\000T\000r\000a\000n\000s\000l\000a\000t\000o\000r\166\204\213\276\213\241}{section.2.2}% 22
\BOOKMARK [2][-]{subsection.2.2.3}{\376\377\0002\000.\0002\000.\0003\000\040\000I\000R\000T\000r\000a\000n\000s\000l\000a\000t\000o\000r\166\204\133\236\163\260}{section.2.2}% 23
\BOOKMARK [1][-]{section.2.3}{\376\377\0002\000.\0003\000\040\143\007\116\344\124\010\154\325\123\026}{chapter.2}% 24
\BOOKMARK [2][-]{subsection.2.3.1}{\376\377\0002\000.\0003\000.\0001\000\040\000L\000e\000g\000a\000l\000i\000z\000e\000r\166\204\213\276\213\241}{section.2.3}% 25
\BOOKMARK [2][-]{subsection.2.3.2}{\376\377\0002\000.\0003\000.\0002\000\040\000L\000e\000g\000a\000l\000i\000z\000e\000r\166\204\133\236\163\260}{section.2.3}% 26
\BOOKMARK [1][-]{section.2.4}{\376\377\0002\000.\0004\000\040\133\304\133\130\126\150\176\304\220\011\142\351}{chapter.2}% 27
\BOOKMARK [2][-]{subsection.2.4.1}{\376\377\0002\000.\0004\000.\0001\000\040\133\304\133\130\126\150\176\304}{section.2.4}% 28
\BOOKMARK [2][-]{subsection.2.4.2}{\376\377\0002\000.\0004\000.\0002\000\040\133\304\133\130\126\150\176\304\220\011\142\351\166\204\213\276\213\241}{section.2.4}% 29
\BOOKMARK [2][-]{subsection.2.4.3}{\376\377\0002\000.\0004\000.\0003\000\040\133\304\133\130\126\150\176\304\220\011\142\351\166\204\133\236\163\260}{section.2.4}% 30
\BOOKMARK [1][-]{section.2.5}{\376\377\0002\000.\0005\000\040\147\072\126\150\143\007\116\344\220\011\142\351}{chapter.2}% 31
\BOOKMARK [2][-]{subsection.2.5.1}{\376\377\0002\000.\0005\000.\0001\000\040\123\071\221\115\162\266\140\001\147\072}{section.2.5}% 32
\BOOKMARK [2][-]{subsection.2.5.2}{\376\377\0002\000.\0005\000.\0002\000\040\147\072\126\150\143\007\116\344\220\011\142\351\166\204\213\276\213\241}{section.2.5}% 33
\BOOKMARK [2][-]{subsection.2.5.3}{\376\377\0002\000.\0005\000.\0003\000\040\147\072\126\150\143\007\116\344\220\011\142\351\166\204\133\236\163\260}{section.2.5}% 34
\BOOKMARK [0][-]{chapter.3}{\376\377\173\054\0003\172\340\000\040\121\150\134\100\143\007\116\344\220\011\142\351\117\030\123\026\173\126\165\145}{}% 35
\BOOKMARK [1][-]{section.3.1}{\376\377\0003\000.\0001\000\040\117\030\123\026\173\126\165\145\166\204\122\006\147\220\116\016\213\276\213\241}{chapter.3}% 36
\BOOKMARK [2][-]{subsection.3.1.1}{\376\377\0003\000.\0001\000.\0001\000\040\117\030\123\026\166\204\164\006\213\272\117\235\143\156}{section.3.1}% 37
\BOOKMARK [2][-]{subsection.3.1.2}{\376\377\0003\000.\0001\000.\0002\000\040\121\163\225\056\117\030\123\026\142\200\147\057\122\006\147\220}{section.3.1}% 38
\BOOKMARK [2][-]{subsection.3.1.3}{\376\377\0003\000.\0001\000.\0003\000\040\127\372\116\216\000D\000S\000P\166\204\117\030\123\026\213\276\213\241}{section.3.1}% 39
\BOOKMARK [1][-]{section.3.2}{\376\377\0003\000.\0002\000\040\117\030\123\026\173\126\165\145\166\204\133\236\163\260}{chapter.3}% 40
\BOOKMARK [0][-]{chapter.4}{\376\377\173\054\0004\172\340\000\040\155\113\213\325\213\304\117\060\136\163\123\360\166\204\213\276\213\241\116\016\133\236\163\260}{}% 41
\BOOKMARK [1][-]{section.4.1}{\376\377\0004\000.\0001\000\040\000D\000S\000P\177\026\213\321\126\150\155\113\213\325\163\260\162\266\122\006\147\220}{chapter.4}% 42
\BOOKMARK [2][-]{subsection.4.1.1}{\376\377\0004\000.\0001\000.\0001\000\040\163\260\147\011\155\113\213\325\155\101\172\013\151\202\217\360\116\016\122\006\147\220}{section.4.1}% 43
\BOOKMARK [2][-]{subsection.4.1.2}{\376\377\0004\000.\0001\000.\0002\000\040\155\113\213\325\117\123\174\373\117\030\123\026\227\000\154\102\116\016\142\200\147\057\215\357\137\204}{section.4.1}% 44
\BOOKMARK [1][-]{section.4.2}{\376\377\0004\000.\0002\000\040\174\373\176\337\145\164\117\123\213\276\213\241}{chapter.4}% 45
\BOOKMARK [1][-]{section.4.3}{\376\377\0004\000.\0003\000\040\155\113\213\325\133\120\174\373\176\337\166\204\213\276\213\241\116\016\133\236\163\260}{chapter.4}% 46
\BOOKMARK [2][-]{subsection.4.3.1}{\376\377\0004\000.\0003\000.\0001\000\040\226\217\147\072\155\113\213\325\165\037\142\020\126\150}{section.4.3}% 47
\BOOKMARK [2][-]{subsection.4.3.2}{\376\377\0004\000.\0003\000.\0002\000\040\127\372\116\216\000D\000S\000P\133\232\122\066\166\204\000Y\000A\000R\000P\000G\000e\000n\133\236\163\260}{section.4.3}% 48
\BOOKMARK [2][-]{subsection.4.3.3}{\376\377\0004\000.\0003\000.\0003\000\040\155\113\213\325\133\120\174\373\176\337\166\204\213\276\213\241}{section.4.3}% 49
\BOOKMARK [2][-]{subsection.4.3.4}{\376\377\0004\000.\0003\000.\0004\000\040\155\113\213\325\133\120\174\373\176\337\166\204\133\236\163\260}{section.4.3}% 50
\BOOKMARK [1][-]{section.4.4}{\376\377\0004\000.\0004\000\040\213\304\117\060\133\120\174\373\176\337\166\204\213\276\213\241\116\016\133\236\163\260}{chapter.4}% 51
\BOOKMARK [2][-]{subsection.4.4.1}{\376\377\0004\000.\0004\000.\0001\000\040\213\304\117\060\133\120\174\373\176\337\166\204\213\276\213\241}{section.4.4}% 52
\BOOKMARK [2][-]{subsection.4.4.2}{\376\377\0004\000.\0004\000.\0002\000\040\213\304\117\060\133\120\174\373\176\337\166\204\133\236\163\260}{section.4.4}% 53
\BOOKMARK [0][-]{chapter.5}{\376\377\173\054\0005\172\340\000\040\133\236\232\214\176\323\147\234\116\016\140\047\200\375\122\006\147\220}{}% 54
\BOOKMARK [1][-]{section.5.1}{\376\377\0005\000.\0001\000\040\121\150\134\100\143\007\116\344\220\011\142\351\153\143\170\156\140\047\232\214}{chapter.5}% 55
\BOOKMARK [2][-]{subsection.5.1.1}{\376\377\0005\000.\0001\000.\0001\000\040\127\372\147\054\143\007\116\344\153\143\170\156\140\047\232\214\213\301}{section.5.1}% 56
\BOOKMARK [2][-]{subsection.5.1.2}{\376\377\0005\000.\0001\000.\0002\000\040\143\247\122\066\155\101\143\007\116\344\153\143\170\156\140\047\232\214\213\301}{section.5.1}% 57
\BOOKMARK [1][-]{section.5.2}{\376\377\0005\000.\0002\000\040\121\150\134\100\143\007\116\344\220\011\142\351\140\047\200\375\122\006\147\220}{chapter.5}% 58
\BOOKMARK [2][-]{subsection.5.2.1}{\376\377\0005\000.\0002\000.\0001\000\040\177\026\213\321\145\366\225\364}{section.5.2}% 59
\BOOKMARK [2][-]{subsection.5.2.2}{\376\377\0005\000.\0002\000.\0002\000\040\116\343\170\001\131\047\134\017}{section.5.2}% 60
\BOOKMARK [2][-]{subsection.5.2.3}{\376\377\0005\000.\0002\000.\0003\000\040\142\147\210\114\124\150\147\037}{section.5.2}% 61
\BOOKMARK [1][-]{section.5.3}{\376\377\0005\000.\0003\000\040\155\113\213\325\213\304\117\060\136\163\123\360\134\125\171\072}{chapter.5}% 62
\BOOKMARK [0][-]{chapter.6}{\376\377\173\054\0006\172\340\000\040\140\073\176\323\116\016\134\125\147\033}{}% 63
\BOOKMARK [1][-]{section.6.1}{\376\377\0006\000.\0001\000\040\213\272\145\207\140\073\176\323}{chapter.6}% 64
\BOOKMARK [1][-]{section.6.2}{\376\377\0006\000.\0002\000\040\213\272\145\207\134\125\147\033}{chapter.6}% 65
\BOOKMARK [0][-]{appendix*.41}{\376\377\123\302\200\003\145\207\163\056}{}% 66
\BOOKMARK [0][-]{appendix*.42}{\376\377\201\364\214\042}{}% 67
